<?xml version="1.0" encoding="UTF-8"?>
<!-- Generated by org.testng.reporters.JUnitReportReporter -->
<testsuite skipped="0" hostname="Ritu" name="com.mycompany.app.TestBaseFactory" tests="1" failures="0" timestamp="2020-07-25T21:28:28 IST" time="5.590" errors="0">
  <testcase name="test_Home_Page_Appear_Correct_Factory" time="5.590" classname="com.mycompany.app.TestBaseFactory"/>
  <system-out/>
</testsuite> <!-- com.mycompany.app.TestBaseFactory -->
