<?xml version="1.0" encoding="UTF-8"?>
<!-- Generated by org.testng.reporters.JUnitReportReporter -->
<testsuite skipped="0" hostname="Ritu" name="com.mycompany.app.AppiumTest" tests="2" failures="0" timestamp="2020-07-25T21:28:28 IST" time="0.035" errors="0">
  <testcase name="AppiumAutomate1" time="0.020" classname="com.mycompany.app.AppiumTest"/>
  <system-out/>
  <testcase name="AppiumAutomate" time="0.015" classname="com.mycompany.app.AppiumTest"/>
  <system-out/>
</testsuite> <!-- com.mycompany.app.AppiumTest -->
