<?xml version="1.0" encoding="UTF-8"?>
<!-- Generated by org.testng.reporters.JUnitReportReporter -->
<testsuite skipped="0" hostname="Ritu" name="com.mycompany.app.SeleniumTest" tests="2" failures="0" timestamp="2020-07-25T21:28:28 IST" time="0.011" errors="0">
  <testcase name="BrowserAutomate" time="0.005" classname="com.mycompany.app.SeleniumTest"/>
  <system-out/>
  <testcase name="BrowserAutomate1" time="0.006" classname="com.mycompany.app.SeleniumTest"/>
  <system-out/>
</testsuite> <!-- com.mycompany.app.SeleniumTest -->
