<?xml version="1.0" encoding="UTF-8"?>
<!-- Generated by org.testng.reporters.JUnitReportReporter -->
<testsuite skipped="0" hostname="Ritu" name="com.mycompany.app.TestBase" tests="1" failures="0" timestamp="2020-07-25T21:28:28 IST" time="5.271" errors="0">
  <testcase name="test_Home_Page_Appear_Correct" time="5.271" classname="com.mycompany.app.TestBase"/>
  <system-out/>
</testsuite> <!-- com.mycompany.app.TestBase -->
