<?xml version="1.0" encoding="UTF-8"?>
<!-- Generated by org.testng.reporters.JUnitReportReporter -->
<testsuite skipped="0" hostname="Ritu" name="com.mycompany.app.APITest" tests="2" failures="0" timestamp="2020-07-25T21:31:41 IST" time="0.005" errors="0">
  <testcase name="ApiAutomate1" time="0.000" classname="com.mycompany.app.APITest"/>
  <system-out/>
  <testcase name="ApiAutomate" time="0.005" classname="com.mycompany.app.APITest"/>
  <system-out/>
</testsuite> <!-- com.mycompany.app.APITest -->
